Tue Jun  4 17:49:09 2024       
+-----------------------------------------------------------------------------+
| NVIDIA-SMI 460.39       Driver Version: 460.39       CUDA Version: 11.2     |
|-------------------------------+----------------------+----------------------+
| GPU  Name        Persistence-M| Bus-Id        Disp.A | Volatile Uncorr. ECC |
| Fan  Temp  Perf  Pwr:Usage/Cap|         Memory-Usage | GPU-Util  Compute M. |
|                               |                      |               MIG M. |
|===============================+======================+======================|
|   0  GeForce GTX TIT...  On   | 00000000:0A:00.0 Off |                  N/A |
| 22%   29C    P8    16W / 250W |     15MiB / 12212MiB |      0%      Default |
|                               |                      |                  N/A |
+-------------------------------+----------------------+----------------------+
                                                                               
+-----------------------------------------------------------------------------+
| Processes:                                                                  |
|  GPU   GI   CI        PID   Type   Process name                  GPU Memory |
|        ID   ID                                                   Usage      |
|=============================================================================|
|    0   N/A  N/A      1904      G   /usr/bin/X                         13MiB |
+-----------------------------------------------------------------------------+
Soy un JOB GPU
Corri en la maquina: yaje.uis.edu.co
Corri el: Tue Jun 4 17:50:09 -05 2024
